This is pdfTeX, Version 3.141592653-2.6-1.40.25 (MiKTeX 23.10.12) (preloaded format=pdflatex 2023.11.30)  19 DEC 2023 22:20
entering extended mode
 restricted \write18 enabled.
 file:line:error style messages enabled.
 %&-line parsing enabled.
**"c:/Users/rodri/OneDrive - Instituto Superior de Engenharia de Lisboa/Mestrado/TFM/Project Report/main.tex"
(c:/Users/rodri/OneDrive - Instituto Superior de Engenharia de Lisboa/Mestrado/TFM/Project Report/main.tex
LaTeX2e <2023-11-01>
L3 programming layer <2023-11-09>
(C:\Users\rodri\AppData\Local\Programs\MiKTeX\tex/latex/base\report.cls
Document Class: report 2023/05/17 v1.4n Standard LaTeX document class
(C:\Users\rodri\AppData\Local\Programs\MiKTeX\tex/latex/base\size10.clo
File: size10.clo 2023/05/17 v1.4n Standard LaTeX file (size option)
)
\c@part=\count186
\c@chapter=\count187
\c@section=\count188
\c@subsection=\count189
\c@subsubsection=\count190
\c@paragraph=\count191
\c@subparagraph=\count192
\c@figure=\count193
\c@table=\count194
\abovecaptionskip=\skip48
\belowcaptionskip=\skip49
\bibindent=\dimen140
) (C:\Users\rodri\AppData\Local\Programs\MiKTeX\tex/latex/xcolor\xcolor.sty
Package: xcolor 2023/11/15 v3.01 LaTeX color extensions (UK)
 (C:\Users\rodri\AppData\Local\Programs\MiKTeX\tex/latex/graphics-cfg\color.cfg
File: color.cfg 2016/01/02 v1.6 sample color configuration
)
Package xcolor Info: Driver file: pdftex.def on input line 274.
 (C:\Users\rodri\AppData\Local\Programs\MiKTeX\tex/latex/graphics-def\pdftex.def
File: pdftex.def 2022/09/22 v1.2b Graphics/color driver for pdftex
) (C:\Users\rodri\AppData\Local\Programs\MiKTeX\tex/latex/graphics\mathcolor.ltx)
Package xcolor Info: Model `cmy' substituted by `cmy0' on input line 1350.
Package xcolor Info: Model `hsb' substituted by `rgb' on input line 1354.
Package xcolor Info: Model `RGB' extended on input line 1366.
Package xcolor Info: Model `HTML' substituted by `rgb' on input line 1368.
Package xcolor Info: Model `Hsb' substituted by `hsb' on input line 1369.
Package xcolor Info: Model `tHsb' substituted by `hsb' on input line 1370.
Package xcolor Info: Model `HSB' substituted by `hsb' on input line 1371.
Package xcolor Info: Model `Gray' substituted by `gray' on input line 1372.
Package xcolor Info: Model `wave' substituted by `hsb' on input line 1373.
) (C:\Users\rodri\AppData\Local\Programs\MiKTeX\tex/latex/l3backend\l3backend-pdftex.def
File: l3backend-pdftex.def 2023-11-09 L3 backend support: PDF output (pdfTeX)
\l__color_backend_stack_int=\count195
\l__pdf_internal_box=\box51
) (c:\Users\rodri\OneDrive - Instituto Superior de Engenharia de Lisboa\Mestrado\TFM\Project Report\build\main.aux (c:\Users\rodri\OneDrive - Instituto Superior de Engenharia de Lisboa\Mestrado\TFM\Project Report\build\0_Abstract/0_Abstract.aux) (c:\Users\rodri\OneDrive - Instituto Superior de Engenharia de Lisboa\Mestrado\TFM\Project Report\build\1_Introduction/0_Introduction.aux) (c:\Users\rodri\OneDrive - Instituto Superior de Engenharia de Lisboa\Mestrado\TFM\Project Report\build\2_Background/0_Background.aux) (c:\Users\rodri\OneDrive - Instituto Superior de Engenharia de Lisboa\Mestrado\TFM\Project Report\build\Appendix.aux))
\openout1 = `main.aux'.

LaTeX Font Info:    Checking defaults for OML/cmm/m/it on input line 15.
LaTeX Font Info:    ... okay on input line 15.
LaTeX Font Info:    Checking defaults for OMS/cmsy/m/n on input line 15.
LaTeX Font Info:    ... okay on input line 15.
LaTeX Font Info:    Checking defaults for OT1/cmr/m/n on input line 15.
LaTeX Font Info:    ... okay on input line 15.
LaTeX Font Info:    Checking defaults for T1/cmr/m/n on input line 15.
LaTeX Font Info:    ... okay on input line 15.
LaTeX Font Info:    Checking defaults for TS1/cmr/m/n on input line 15.
LaTeX Font Info:    ... okay on input line 15.
LaTeX Font Info:    Checking defaults for OMX/cmex/m/n on input line 15.
LaTeX Font Info:    ... okay on input line 15.
LaTeX Font Info:    Checking defaults for U/cmr/m/n on input line 15.
LaTeX Font Info:    ... okay on input line 15.
 (C:\Users\rodri\AppData\Local\Programs\MiKTeX\tex/context/base/mkii\supp-pdf.mkii
[Loading MPS to PDF converter (version 2006.09.02).]
\scratchcounter=\count196
\scratchdimen=\dimen141
\scratchbox=\box52
\nofMPsegments=\count197
\nofMParguments=\count198
\everyMPshowfont=\toks17
\MPscratchCnt=\count199
\MPscratchDim=\dimen142
\MPnumerator=\count266
\makeMPintoPDFobject=\count267
\everyMPtoPDFconversion=\toks18
)
LaTeX Font Info:    External font `cmex10' loaded for size
(Font)              <12> on input line 17.
LaTeX Font Info:    External font `cmex10' loaded for size
(Font)              <8> on input line 17.
LaTeX Font Info:    External font `cmex10' loaded for size
(Font)              <6> on input line 17.
 [1

{C:/Users/rodri/AppData/Local/MiKTeX/fonts/map/pdftex/pdftex.map}]
\openout2 = `0_Abstract/0_Abstract.aux'.

 (0_Abstract/0_Abstract.tex [1


]) [2

] (c:\Users\rodri\OneDrive - Instituto Superior de Engenharia de Lisboa\Mestrado\TFM\Project Report\build\main.toc
LaTeX Font Info:    External font `cmex10' loaded for size
(Font)              <7> on input line 2.
LaTeX Font Info:    External font `cmex10' loaded for size
(Font)              <5> on input line 2.
)
\tf@toc=\write3
\openout3 = `main.toc'.

 [3



] (c:\Users\rodri\OneDrive - Instituto Superior de Engenharia de Lisboa\Mestrado\TFM\Project Report\build\main.lof)
\tf@lof=\write4
\openout4 = `main.lof'.

 [4

] (c:\Users\rodri\OneDrive - Instituto Superior de Engenharia de Lisboa\Mestrado\TFM\Project Report\build\main.lot)
\tf@lot=\write5
\openout5 = `main.lot'.

 [5

]
\openout2 = `1_Introduction/0_Introduction.aux'.

 (1_Introduction/0_Introduction.tex
Chapter 1.
(1_Introduction/1_Context.tex [6


]) (1_Introduction/2_Motivation.tex) (1_Introduction/3_Contributions.tex) (1_Introduction/4_Objectives.tex) (1_Introduction/5_Structure.tex)) [7]
\openout2 = `2_Background/0_Background.aux'.

 (2_Background/0_Background.tex
Chapter 2.
(2_Background/1_Related_work.tex) (2_Background/2_Blockchain.tex) [8




]) [9] (c:\Users\rodri\OneDrive - Instituto Superior de Engenharia de Lisboa\Mestrado\TFM\Project Report\build\main.bbl

LaTeX Warning: Empty `thebibliography' environment on input line 3.

) [10



]
\openout2 = `Appendix.aux'.

 (Appendix.tex
Appendix A.
) [11


] (c:\Users\rodri\OneDrive - Instituto Superior de Engenharia de Lisboa\Mestrado\TFM\Project Report\build\main.aux (c:\Users\rodri\OneDrive - Instituto Superior de Engenharia de Lisboa\Mestrado\TFM\Project Report\build\0_Abstract/0_Abstract.aux) (c:\Users\rodri\OneDrive - Instituto Superior de Engenharia de Lisboa\Mestrado\TFM\Project Report\build\1_Introduction/0_Introduction.aux) (c:\Users\rodri\OneDrive - Instituto Superior de Engenharia de Lisboa\Mestrado\TFM\Project Report\build\2_Background/0_Background.aux) (c:\Users\rodri\OneDrive - Instituto Superior de Engenharia de Lisboa\Mestrado\TFM\Project Report\build\Appendix.aux))
 ***********
LaTeX2e <2023-11-01>
L3 programming layer <2023-11-09>
 ***********
 ) 
Here is how much of TeX's memory you used:
 1652 strings out of 474587
 33778 string characters out of 5745701
 1930558 words of memory out of 5000000
 23810 multiletter control sequences out of 15000+600000
 564257 words of font info for 56 fonts, out of 8000000 for 9000
 1141 hyphenation exceptions out of 8191
 42i,6n,51p,1967b,189s stack positions out of 10000i,1000n,20000p,200000b,200000s
 <C:\Users\rodri\AppData\Local\MiKTeX\fonts/pk/ljfour/jknappen/ec/dpi600\tcrm1000.pk><C:/Users/rodri/AppData/Local/Programs/MiKTeX/fonts/type1/public/amsfonts/cm/cmbx10.pfb><C:/Users/rodri/AppData/Local/Programs/MiKTeX/fonts/type1/public/amsfonts/cm/cmbx12.pfb><C:/Users/rodri/AppData/Local/Programs/MiKTeX/fonts/type1/public/amsfonts/cm/cmr10.pfb><C:/Users/rodri/AppData/Local/Programs/MiKTeX/fonts/type1/public/amsfonts/cm/cmr12.pfb><C:/Users/rodri/AppData/Local/Programs/MiKTeX/fonts/type1/public/amsfonts/cm/cmr17.pfb><C:/Users/rodri/AppData/Local/Programs/MiKTeX/fonts/type1/public/amsfonts/cm/cmti10.pfb><C:/Users/rodri/AppData/Local/Programs/MiKTeX/fonts/type1/public/amsfonts/cm/cmti12.pfb>
Output written on "c:\Users\rodri\OneDrive - Instituto Superior de Engenharia de Lisboa\Mestrado\TFM\Project Report\build\main.pdf" (12 pages, 118264 bytes).
PDF statistics:
 81 PDF objects out of 1000 (max. 8388607)
 0 named destinations out of 1000 (max. 500000)
 1 words of extra memory for PDF output out of 10000 (max. 10000000)

